[ScriptRunner] Starting 1_forward_kinematics_test.py
============================================================
机械臂正运动学结果
============================================================
关节角度 (度): ['   0.00', '   0.00', '   0.00', '   0.00', '   0.00', '   0.00']
末端位置 (m): x=  0.2466, y=  0.0000, z=  0.1687
旋转矩阵 (R):
  [   1.000     0.000     0.000]
  [   0.000     1.000     0.000]
  [   0.000     0.000     1.000]
欧拉角 (度): Roll=   0.00, Pitch=  -0.00, Yaw=   0.00
4x4变换矩阵 (T):
  [  1.0000    0.0000    0.0000    0.2466]
  [  0.0000    1.0000    0.0000    0.0000]
  [  0.0000    0.0000    1.0000    0.1687]
  [  0.0000    0.0000    0.0000    1.0000]
============================================================
机械臂正运动学结果
============================================================
关节角度 (度): ['   0.00', '   0.00', '   0.00', '   0.00', '   0.00', '   0.00']
末端位置 (m): x=  0.2466, y=  0.0000, z=  0.1687
旋转矩阵 (R):
  [   1.000     0.000     0.000]
  [   0.000     1.000     0.000]
  [   0.000     0.000     1.000]
欧拉角 (度): Roll=   0.00, Pitch=  -0.00, Yaw=   0.00
4x4变换矩阵 (T):
  [  1.0000    0.0000    0.0000    0.2466]
  [  0.0000    1.0000    0.0000    0.0000]
  [  0.0000    0.0000    1.0000    0.1687]
  [  0.0000    0.0000    0.0000    1.0000]
============================================================
机械臂正运动学结果
============================================================
关节角度 (度): ['   0.00', '   0.00', '   0.00', '   0.00', '   0.00', '   0.00']
末端位置 (m): x=  0.2466, y=  0.0000, z=  0.1687
旋转矩阵 (R):
  [   1.000     0.000     0.000]
  [   0.000     1.000     0.000]
  [   0.000     0.000     1.000]
欧拉角 (度): Roll=   0.00, Pitch=  -0.00, Yaw=   0.00
4x4变换矩阵 (T):
  [  1.0000    0.0000    0.0000    0.2466]
  [  0.0000    1.0000    0.0000    0.0000]
  [  0.0000    0.0000    1.0000    0.1687]
  [  0.0000    0.0000    0.0000    1.0000]
============================================================
机械臂正运动学结果
============================================================
关节角度 (度): ['   0.00', '   0.00', '   0.00', '   0.00', '   0.00', '   0.00']
末端位置 (m): x=  0.2466, y=  0.0000, z=  0.1687
旋转矩阵 (R):
  [   1.000     0.000     0.000]
  [   0.000     1.000     0.000]
  [   0.000     0.000     1.000]
欧拉角 (度): Roll=   0.00, Pitch=  -0.00, Yaw=   0.00
4x4变换矩阵 (T):
  [  1.0000    0.0000    0.0000    0.2466]
  [  0.0000    1.0000    0.0000    0.0000]
  [  0.0000    0.0000    1.0000    0.1687]
  [  0.0000    0.0000    0.0000    1.0000]
============================================================
机械臂正运动学结果
============================================================
关节角度 (度): ['   0.00', '   0.00', '   0.00', '   0.00', '   0.00', '   0.00']
末端位置 (m): x=  0.2466, y=  0.0000, z=  0.1687
旋转矩阵 (R):
  [   1.000     0.000     0.000]
  [   0.000     1.000     0.000]
  [   0.000     0.000     1.000]
欧拉角 (度): Roll=   0.00, Pitch=  -0.00, Yaw=   0.00
4x4变换矩阵 (T):
  [  1.0000    0.0000    0.0000    0.2466]
  [  0.0000    1.0000    0.0000    0.0000]
  [  0.0000    0.0000    1.0000    0.1687]
  [  0.0000    0.0000    0.0000    1.0000]
============================================================
机械臂正运动学结果
============================================================
关节角度 (度): ['   0.00', '   0.00', '   0.00', '   0.00', '   0.00', '   0.00']
末端位置 (m): x=  0.2466, y=  0.0000, z=  0.1687
旋转矩阵 (R):
  [   1.000     0.000     0.000]
  [   0.000     1.000     0.000]
  [   0.000     0.000     1.000]
欧拉角 (度): Roll=   0.00, Pitch=  -0.00, Yaw=   0.00
4x4变换矩阵 (T):
  [  1.0000    0.0000    0.0000    0.2466]
  [  0.0000    1.0000    0.0000    0.0000]
  [  0.0000    0.0000    1.0000    0.1687]
  [  0.0000    0.0000    0.0000    1.0000]
错误: Script stopped by user
[ScriptRunner] Script finished
